[debug] [2023-05-23T12:15:33.521Z] ----------------------------------------------------------------------
[debug] [2023-05-23T12:15:33.530Z] Command:       C:\Program Files\nodejs\node.exe C:\Users\Amr Ismail\AppData\Roaming\npm\node_modules\firebase-tools\lib\bin\firebase.js init
[debug] [2023-05-23T12:15:33.531Z] CLI Version:   12.1.0
[debug] [2023-05-23T12:15:33.532Z] Platform:      win32
[debug] [2023-05-23T12:15:33.532Z] Node Version:  v16.16.0
[debug] [2023-05-23T12:15:33.534Z] Time:          Tue May 23 2023 14:15:33 GMT+0200 (Eastern European Standard Time)
[debug] [2023-05-23T12:15:33.534Z] ----------------------------------------------------------------------
[debug] 
[debug] [2023-05-23T12:15:33.547Z] > command requires scopes: ["email","openid","https://www.googleapis.com/auth/cloudplatformprojects.readonly","https://www.googleapis.com/auth/firebase","https://www.googleapis.com/auth/cloud-platform"]
[debug] [2023-05-23T12:15:33.548Z] > authorizing via signed-in user (amr.ismail1295@gmail.com)
[info] 
     ######## #### ########  ######## ########     ###     ######  ########
     ##        ##  ##     ## ##       ##     ##  ##   ##  ##       ##
     ######    ##  ########  ######   ########  #########  ######  ######
     ##        ##  ##    ##  ##       ##     ## ##     ##       ## ##
     ##       #### ##     ## ######## ########  ##     ##  ######  ########

You're about to initialize a Firebase project in this directory:

  D:\Stuff and THAAAAAAANGS\IT\Practice\admin-dashboard

[debug] [2023-05-23T12:16:03.105Z] Error: Timed out.
    at Timeout._onTimeout (C:\Users\Amr Ismail\AppData\Roaming\npm\node_modules\firebase-tools\lib\utils.js:253:49)
    at listOnTimeout (node:internal/timers:559:17)
    at processTimers (node:internal/timers:502:7)
[error] 
[error] Error: An unexpected error has occurred.
